<?xml version="1.0" encoding="UTF-8"?>
<testng-results ignored="0" total="1" passed="1" failed="0" skipped="0">
  <reporter-output>
  </reporter-output>
  <suite started-at="2023-11-26T22:52:17 IST" name="Default suite" finished-at="2023-11-26T22:52:57 IST" duration-ms="39989">
    <groups>
    </groups>
    <test started-at="2023-11-26T22:52:17 IST" name="Default test" finished-at="2023-11-26T22:52:57 IST" duration-ms="39989">
      <class name="com.testcases.FlowTest">
        <test-method signature="flowTest()[pri:0, instance:com.testcases.FlowTest@4f80542f]" started-at="2023-11-26T22:52:17 IST" name="flowTest" finished-at="2023-11-26T22:52:57 IST" duration-ms="39902" status="PASS">
          <reporter-output>
          </reporter-output>
        </test-method> <!-- flowTest -->
      </class> <!-- com.testcases.FlowTest -->
    </test> <!-- Default test -->
  </suite> <!-- Default suite -->
</testng-results>
