<?xml version="1.0" encoding="UTF-8"?>
<testng-results ignored="0" total="1" passed="1" failed="0" skipped="0">
  <reporter-output>
  </reporter-output>
  <suite started-at="2023-12-08T12:49:22 IST" name="Default suite" finished-at="2023-12-08T12:51:39 IST" duration-ms="137030">
    <groups>
    </groups>
    <test started-at="2023-12-08T12:49:22 IST" name="Default test" finished-at="2023-12-08T12:51:39 IST" duration-ms="137030">
      <class name="com.testcases.FlowTest">
        <test-method signature="flowTest()[pri:0, instance:com.testcases.FlowTest@4f80542f]" started-at="2023-12-08T12:49:22 IST" name="flowTest" finished-at="2023-12-08T12:51:39 IST" duration-ms="136933" status="PASS">
          <reporter-output>
          </reporter-output>
        </test-method> <!-- flowTest -->
      </class> <!-- com.testcases.FlowTest -->
    </test> <!-- Default test -->
  </suite> <!-- Default suite -->
</testng-results>
